<?xml version="1.0" encoding="UTF-8"?>
<testsuites name="jest tests" tests="4" failures="0" time="0.283">
  <testsuite name="Funkcja createList" errors="0" failures="0" skipped="0" timestamp="2023-02-03T14:16:46" time="0.275" tests="4">
    <testcase classname="Funkcja createList powinna zwrócić element HTML" name="Funkcja createList powinna zwrócić element HTML" time="0.002">
    </testcase>
    <testcase classname="Funkcja createList powinna zwrócić listę z atrybutem id ustawionym na list" name="Funkcja createList powinna zwrócić listę z atrybutem id ustawionym na list" time="0.001">
    </testcase>
    <testcase classname="Funkcja createList powinna utworzyć listę w elemencie &lt;body&gt;" name="Funkcja createList powinna utworzyć listę w elemencie &lt;body&gt;" time="0.003">
    </testcase>
    <testcase classname="Funkcja createList powinna utworzyć listę z trzema elementami &lt;li&gt;" name="Funkcja createList powinna utworzyć listę z trzema elementami &lt;li&gt;" time="0.004">
    </testcase>
  </testsuite>
</testsuites>